Unable to capture context for thread 1836 in process 13176, can not generate back trace
Unable to capture context for thread 3512 in process 13176, can not generate back trace
Exception at PC 0x00007FF97665B699
Exception at PC 0x00007FF97665B699
Unable to capture context for thread 1304 in process 13176, can not generate back trace
Unable to capture context for thread 14828 in process 13176, can not generate back trace
Unable to capture context for thread 14452 in process 13176, can not generate back trace
Exception at PC 0x00007FF97665B699
Unable to capture context for thread 14452 in process 13176, can not generate back trace
Exception at PC 0x00007FF8E9A8BB93
Printing stacktrace...

Exception at PC 0x00007FF97665B699
Exception at PC 0x00007FF97665B699
Exception at PC 0x00007FF97665B699
Exception at PC 0x00007FF97665B699
Exception at PC 0x00007FF97665B699
Exception at PC 0x00007FF97665B699
Exception at PC 0x00007FF97665B699
Exception at PC 0x00007FF97665B699
Exception at PC 0x00007FF97665B699
Exception at PC 0x00007FF97665B699
Exception at PC 0x00007FF97665B699
Exception at PC 0x00007FF97665B699
Exception at PC 0x00007FF97665B699
[0]  [0x00007FF8E9A8BB93]
[1]  [0x00007FF8E9A8BB93]
[2]  [0x00007FF8E9A8B4A1]
[3]  [0x00007FF8E9A8B3EF]
[4]  [0x00007FF8E9A719FE]
[5]  [0x00007FF8E9A70ED1]
[6]  [0x00007FF8E9A70D76]
[7]  [0x00007FF8E9A179F6]
[8]  [0x00007FF8E9A07AFB]
[9]  [0x00007FF8E9B2E90A]
[10]  [0x00007FF8E9B49F87]
[11]  [0x00007FF8E9B4A05F]
[12] (BaseThreadInitThunk+0x14) [0x00007FF9780E7374]
[13] (RtlUserThreadStart+0x21) [0x00007FF978CBCC91]
Done
Exception at PC 0x00007FF97665B699
Exception at PC 0x00007FF97665B699
