INFO: [VRFC 10-2263] Analyzing SystemVerilog file "C:/Xilinx/Vivado/2016.2/data/ip/xpm/xpm_cdc/hdl/xpm_cdc.sv" into library xil_defaultlib
INFO: [VRFC 10-311] analyzing module xpm_cdc_single
INFO: [VRFC 10-311] analyzing module xpm_cdc_gray
INFO: [VRFC 10-311] analyzing module xpm_cdc_handshake
INFO: [VRFC 10-311] analyzing module xpm_cdc_pulse
INFO: [VRFC 10-311] analyzing module xpm_cdc_array_single
INFO: [VRFC 10-311] analyzing module xpm_cdc_sync_rst
INFO: [VRFC 10-311] analyzing module xpm_cdc_async_rst
INFO: [VRFC 10-2263] Analyzing Verilog file "C:/Users/User/Documents/project_1/project_1.sim/sim_1/behav/glbl.v" into library xil_defaultlib
INFO: [VRFC 10-311] analyzing module glbl
INFO: [VRFC 10-163] Analyzing VHDL file "C:/Xilinx/Vivado/2016.2/data/ip/xpm/xpm_VCOMP.vhd" into library xpm
INFO: [VRFC 10-163] Analyzing VHDL file "C:/Users/User/Documents/project_1/project_1.ip_user_files/ipstatic/xbip_utils_v3_0_6/hdl/xbip_utils_v3_0_vh_rfs.vhd" into library xbip_utils_v3_0_6
INFO: [VRFC 10-163] Analyzing VHDL file "C:/Users/User/Documents/project_1/project_1.ip_user_files/ipstatic/axi_utils_v2_0_2/hdl/axi_utils_v2_0_vh_rfs.vhd" into library axi_utils_v2_0_2
INFO: [VRFC 10-307] analyzing entity glb_srl_fifo
INFO: [VRFC 10-307] analyzing entity glb_ifx_slave
INFO: [VRFC 10-307] analyzing entity glb_ifx_master
INFO: [VRFC 10-307] analyzing entity axi_slave_2to1
INFO: [VRFC 10-307] analyzing entity axi_slave_3to1
INFO: [VRFC 10-307] analyzing entity axi_slave_4to1
INFO: [VRFC 10-163] Analyzing VHDL file "C:/Users/User/Documents/project_1/project_1.ip_user_files/ipstatic/fir_compiler_v7_2_6/hdl/fir_compiler_v7_2_vh_rfs.vhd" into library fir_compiler_v7_2_6
INFO: [VRFC 10-307] analyzing entity sp_mem
INFO: [VRFC 10-307] analyzing entity dpr_mem
INFO: [VRFC 10-307] analyzing entity dpt_mem
INFO: [VRFC 10-307] analyzing entity delay
INFO: [VRFC 10-307] analyzing entity muxf_bus
INFO: [VRFC 10-307] analyzing entity buff
INFO: [VRFC 10-307] analyzing entity wrap_buff
INFO: [VRFC 10-307] analyzing entity cntrl_delay
INFO: [VRFC 10-307] analyzing entity add_sub
INFO: [VRFC 10-307] analyzing entity calc
INFO: [VRFC 10-307] analyzing entity add_accum
INFO: [VRFC 10-307] analyzing entity addsub_mult_add
INFO: [VRFC 10-307] analyzing entity addsub_mult_accum
INFO: [VRFC 10-307] analyzing entity rounder
INFO: [VRFC 10-307] analyzing entity filt_mem
INFO: [VRFC 10-307] analyzing entity cnfg_and_reload
INFO: [VRFC 10-307] analyzing entity ext_mult
INFO: [VRFC 10-307] analyzing entity single_rate
INFO: [VRFC 10-307] analyzing entity halfband_interpolation
INFO: [VRFC 10-307] analyzing entity halfband_decimation
INFO: [VRFC 10-307] analyzing entity polyphase_decimation
INFO: [VRFC 10-307] analyzing entity decimation
INFO: [VRFC 10-307] analyzing entity polyphase_interpolation
INFO: [VRFC 10-307] analyzing entity transpose_single_rate
INFO: [VRFC 10-307] analyzing entity transpose_decimation
INFO: [VRFC 10-307] analyzing entity transpose_interpolation
INFO: [VRFC 10-307] analyzing entity single_rate_hb_hilb_ipol
INFO: [VRFC 10-307] analyzing entity fir_compiler_v7_2_6_viv
INFO: [VRFC 10-163] Analyzing VHDL file "C:/Users/User/Documents/project_1/project_1.ip_user_files/ipstatic/fir_compiler_v7_2_6/hdl/fir_compiler_v7_2.vhd" into library fir_compiler_v7_2_6
INFO: [VRFC 10-307] analyzing entity fir_compiler_v7_2_6
INFO: [VRFC 10-163] Analyzing VHDL file "C:/Users/User/Documents/project_1/project_1.srcs/sources_1/ip/Xfir_HPF_128t_b16_Z700/sim/Xfir_HPF_128t_b16_Z700.vhd" into library xil_defaultlib
INFO: [VRFC 10-307] analyzing entity Xfir_HPF_128t_b16_Z700
INFO: [VRFC 10-163] Analyzing VHDL file "C:/Users/User/Documents/project_1/project_1.srcs/sources_1/new/EQ_HPF.vhd" into library xil_defaultlib
INFO: [VRFC 10-307] analyzing entity EQ_HPF
INFO: [VRFC 10-163] Analyzing VHDL file "C:/Users/User/Documents/project_1/project_1.srcs/sources_1/new/TB_EQ_HPF.vhd" into library xil_defaultlib
INFO: [VRFC 10-307] analyzing entity tb_EQ_HPF
