Vivado Simulator 2016.2
Time resolution is 1 ps
Failure: ERROR:add_1 must be in range [-1,DEPTH-1]
Time: 35 ns  Iteration: 1
$finish called at time : 35 ns : File "C:/Users/User/Documents/project_1/project_1.srcs/sources_1/new/EQ_HPF.vhd" Line 68
Warning: NUMERIC_STD."=": metavalue detected, returning FALSE
Time: 35 ns  Iteration: 1
Warning: NUMERIC_STD."=": metavalue detected, returning FALSE
Time: 35 ns  Iteration: 1
Failure: ERROR:empty_1 and not_empty_1 are inconsistent
Time: 35 ns  Iteration: 1
$finish called at time : 35 ns : File "C:/Users/User/Documents/project_1/project_1.srcs/sources_1/new/EQ_HPF.vhd" Line 68
Failure: ERROR:rd_avail asserted when rd_valid deasserted
Time: 45 ns  Iteration: 1
$finish called at time : 45 ns : File "C:/Users/User/Documents/project_1/project_1.srcs/sources_1/new/EQ_HPF.vhd" Line 68
Failure: ERROR:add_1 must be in range [-1,DEPTH-1]
Time: 45 ns  Iteration: 1
$finish called at time : 45 ns : File "C:/Users/User/Documents/project_1/project_1.srcs/sources_1/new/EQ_HPF.vhd" Line 68
Warning: NUMERIC_STD."=": metavalue detected, returning FALSE
Time: 45 ns  Iteration: 1
Warning: NUMERIC_STD."=": metavalue detected, returning FALSE
Time: 45 ns  Iteration: 1
Failure: ERROR:empty_1 and not_empty_1 are inconsistent
Time: 45 ns  Iteration: 1
$finish called at time : 45 ns : File "C:/Users/User/Documents/project_1/project_1.srcs/sources_1/new/EQ_HPF.vhd" Line 68
Failure: ERROR:rd_avail asserted when rd_valid deasserted
Time: 55 ns  Iteration: 1
$finish called at time : 55 ns : File "C:/Users/User/Documents/project_1/project_1.srcs/sources_1/new/EQ_HPF.vhd" Line 68
Failure: ERROR:add_1 must be in range [-1,DEPTH-1]
Time: 55 ns  Iteration: 1
$finish called at time : 55 ns : File "C:/Users/User/Documents/project_1/project_1.srcs/sources_1/new/EQ_HPF.vhd" Line 68
Warning: NUMERIC_STD."=": metavalue detected, returning FALSE
Time: 55 ns  Iteration: 1
Warning: NUMERIC_STD."=": metavalue detected, returning FALSE
Time: 55 ns  Iteration: 1
Failure: ERROR:empty_1 and not_empty_1 are inconsistent
Time: 55 ns  Iteration: 1
$finish called at time : 55 ns : File "C:/Users/User/Documents/project_1/project_1.srcs/sources_1/new/EQ_HPF.vhd" Line 68
Failure: ERROR:rd_avail asserted when rd_valid deasserted
Time: 65 ns  Iteration: 1
$finish called at time : 65 ns : File "C:/Users/User/Documents/project_1/project_1.srcs/sources_1/new/EQ_HPF.vhd" Line 68
Failure: ERROR:add_1 must be in range [-1,DEPTH-1]
Time: 65 ns  Iteration: 1
$finish called at time : 65 ns : File "C:/Users/User/Documents/project_1/project_1.srcs/sources_1/new/EQ_HPF.vhd" Line 68
Warning: NUMERIC_STD."=": metavalue detected, returning FALSE
Time: 65 ns  Iteration: 1
Warning: NUMERIC_STD."=": metavalue detected, returning FALSE
Time: 65 ns  Iteration: 1
Failure: ERROR:empty_1 and not_empty_1 are inconsistent
Time: 65 ns  Iteration: 1
$finish called at time : 65 ns : File "C:/Users/User/Documents/project_1/project_1.srcs/sources_1/new/EQ_HPF.vhd" Line 68
Failure: ERROR:rd_avail asserted when rd_valid deasserted
Time: 75 ns  Iteration: 1
$finish called at time : 75 ns : File "C:/Users/User/Documents/project_1/project_1.srcs/sources_1/new/EQ_HPF.vhd" Line 68
